Terminals unused in grammar

   EXEC
   LS
   RS
   NEWLINE


Grammar

    0 $accept: program $end

    1 program: statements

    2 statements: statement
    3           | statements statement

    4 statement: SELECT_S
    5          | CREATE_S
    6          | DROP_S
    7          | DELETE_S
    8          | INSERT_S
    9          | QUIT

   10 SELECT_S: SELECT STAR FROM NAME WHERE TJ TM
   11         | SELECT STAR FROM NAME TM

   12 TJ: NAME FL TAR
   13   | TJ AND NAME FL TAR

   14 TAR: INTEGER
   15    | FF
   16    | STRING

   17 CREATE_S: CREATE TABLE NAME CC ATTRS DD PRIM KEY CC NAME CC CC TM
   18         | CREATE INDEX NAME ON NAME CC NAME CC TM

   19 ATTRS: ATTR
   20      | ATTRS DD ATTR

   21 ATTR: NAME tCHAR CC INTEGER CC
   22     | NAME tCHAR CC INTEGER CC UNI
   23     | NAME tINT
   24     | NAME tINT UNI
   25     | NAME tFLOAT
   26     | NAME tFLOAT UNI

   27 INSERT_S: INSERT INTO NAME VALUES CC VALUESS CC TM

   28 VALUE: STRING
   29      | INTEGER
   30      | FF

   31 VALUESS: VALUE
   32        | VALUESS DD VALUE

   33 FL: mLE
   34   | mLT
   35   | mEQ
   36   | mNE
   37   | mGE
   38   | mGT

   39 DELETE_S: DELETE FROM NAME WHERE NAME FL TAR TM
   40         | DELETE FROM NAME TM

   41 DROP_S: DROP TABLE NAME TM
   42       | DROP INDEX NAME TM


Terminals, with rules where they appear

$end (0) 0
error (256)
STRING (258) 16 28
CREATE (259) 17 18
DROP (260) 41 42
SELECT (261) 10 11
INSERT (262) 27
DELETE (263) 39 40
QUIT (264) 9
EXEC (265)
TABLE (266) 17 41
FROM (267) 10 11 39 40
INTO (268) 27
mLT (269) 34
mLE (270) 33
mEQ (271) 35
mGT (272) 38
mGE (273) 37
mNE (274) 36
STAR (275) 10 11
tCHAR (276) 21 22
tFLOAT (277) 25 26
tINT (278) 23 24
NAME (279) 10 11 12 13 17 18 21 22 23 24 25 26 27 39 40 41 42
INTEGER (280) 14 21 22 29
FF (281) 15 30
LS (282)
RS (283)
TM (284) 10 11 17 18 27 39 40 41 42
WHERE (285) 10 39
DD (286) 17 20 32
NEWLINE (287)
VALUES (288) 27
CC (289) 17 18 21 22 27
UNI (290) 22 24 26
PRIM (291) 17
KEY (292) 17
INDEX (293) 18 42
ON (294) 18
AND (295) 13


Nonterminals, with rules where they appear

$accept (41)
    on left: 0
program (42)
    on left: 1, on right: 0
statements (43)
    on left: 2 3, on right: 1 3
statement (44)
    on left: 4 5 6 7 8 9, on right: 2 3
SELECT_S (45)
    on left: 10 11, on right: 4
TJ (46)
    on left: 12 13, on right: 10 13
TAR (47)
    on left: 14 15 16, on right: 12 13 39
CREATE_S (48)
    on left: 17 18, on right: 5
ATTRS (49)
    on left: 19 20, on right: 17 20
ATTR (50)
    on left: 21 22 23 24 25 26, on right: 19 20
INSERT_S (51)
    on left: 27, on right: 8
VALUE (52)
    on left: 28 29 30, on right: 31 32
VALUESS (53)
    on left: 31 32, on right: 27 32
FL (54)
    on left: 33 34 35 36 37 38, on right: 12 13 39
DELETE_S (55)
    on left: 39 40, on right: 7
DROP_S (56)
    on left: 41 42, on right: 6


state 0

    0 $accept: . program $end

    CREATE  shift, and go to state 1
    DROP    shift, and go to state 2
    SELECT  shift, and go to state 3
    INSERT  shift, and go to state 4
    DELETE  shift, and go to state 5
    QUIT    shift, and go to state 6

    program     go to state 7
    statements  go to state 8
    statement   go to state 9
    SELECT_S    go to state 10
    CREATE_S    go to state 11
    INSERT_S    go to state 12
    DELETE_S    go to state 13
    DROP_S      go to state 14


state 1

   17 CREATE_S: CREATE . TABLE NAME CC ATTRS DD PRIM KEY CC NAME CC CC TM
   18         | CREATE . INDEX NAME ON NAME CC NAME CC TM

    TABLE  shift, and go to state 15
    INDEX  shift, and go to state 16


state 2

   41 DROP_S: DROP . TABLE NAME TM
   42       | DROP . INDEX NAME TM

    TABLE  shift, and go to state 17
    INDEX  shift, and go to state 18


state 3

   10 SELECT_S: SELECT . STAR FROM NAME WHERE TJ TM
   11         | SELECT . STAR FROM NAME TM

    STAR  shift, and go to state 19


state 4

   27 INSERT_S: INSERT . INTO NAME VALUES CC VALUESS CC TM

    INTO  shift, and go to state 20


state 5

   39 DELETE_S: DELETE . FROM NAME WHERE NAME FL TAR TM
   40         | DELETE . FROM NAME TM

    FROM  shift, and go to state 21


state 6

    9 statement: QUIT .

    $default  reduce using rule 9 (statement)


state 7

    0 $accept: program . $end

    $end  shift, and go to state 22


state 8

    1 program: statements .
    3 statements: statements . statement

    CREATE  shift, and go to state 1
    DROP    shift, and go to state 2
    SELECT  shift, and go to state 3
    INSERT  shift, and go to state 4
    DELETE  shift, and go to state 5
    QUIT    shift, and go to state 6

    $default  reduce using rule 1 (program)

    statement  go to state 23
    SELECT_S   go to state 10
    CREATE_S   go to state 11
    INSERT_S   go to state 12
    DELETE_S   go to state 13
    DROP_S     go to state 14


state 9

    2 statements: statement .

    $default  reduce using rule 2 (statements)


state 10

    4 statement: SELECT_S .

    $default  reduce using rule 4 (statement)


state 11

    5 statement: CREATE_S .

    $default  reduce using rule 5 (statement)


state 12

    8 statement: INSERT_S .

    $default  reduce using rule 8 (statement)


state 13

    7 statement: DELETE_S .

    $default  reduce using rule 7 (statement)


state 14

    6 statement: DROP_S .

    $default  reduce using rule 6 (statement)


state 15

   17 CREATE_S: CREATE TABLE . NAME CC ATTRS DD PRIM KEY CC NAME CC CC TM

    NAME  shift, and go to state 24


state 16

   18 CREATE_S: CREATE INDEX . NAME ON NAME CC NAME CC TM

    NAME  shift, and go to state 25


state 17

   41 DROP_S: DROP TABLE . NAME TM

    NAME  shift, and go to state 26


state 18

   42 DROP_S: DROP INDEX . NAME TM

    NAME  shift, and go to state 27


state 19

   10 SELECT_S: SELECT STAR . FROM NAME WHERE TJ TM
   11         | SELECT STAR . FROM NAME TM

    FROM  shift, and go to state 28


state 20

   27 INSERT_S: INSERT INTO . NAME VALUES CC VALUESS CC TM

    NAME  shift, and go to state 29


state 21

   39 DELETE_S: DELETE FROM . NAME WHERE NAME FL TAR TM
   40         | DELETE FROM . NAME TM

    NAME  shift, and go to state 30


state 22

    0 $accept: program $end .

    $default  accept


state 23

    3 statements: statements statement .

    $default  reduce using rule 3 (statements)


state 24

   17 CREATE_S: CREATE TABLE NAME . CC ATTRS DD PRIM KEY CC NAME CC CC TM

    CC  shift, and go to state 31


state 25

   18 CREATE_S: CREATE INDEX NAME . ON NAME CC NAME CC TM

    ON  shift, and go to state 32


state 26

   41 DROP_S: DROP TABLE NAME . TM

    TM  shift, and go to state 33


state 27

   42 DROP_S: DROP INDEX NAME . TM

    TM  shift, and go to state 34


state 28

   10 SELECT_S: SELECT STAR FROM . NAME WHERE TJ TM
   11         | SELECT STAR FROM . NAME TM

    NAME  shift, and go to state 35


state 29

   27 INSERT_S: INSERT INTO NAME . VALUES CC VALUESS CC TM

    VALUES  shift, and go to state 36


state 30

   39 DELETE_S: DELETE FROM NAME . WHERE NAME FL TAR TM
   40         | DELETE FROM NAME . TM

    TM     shift, and go to state 37
    WHERE  shift, and go to state 38


state 31

   17 CREATE_S: CREATE TABLE NAME CC . ATTRS DD PRIM KEY CC NAME CC CC TM

    NAME  shift, and go to state 39

    ATTRS  go to state 40
    ATTR   go to state 41


state 32

   18 CREATE_S: CREATE INDEX NAME ON . NAME CC NAME CC TM

    NAME  shift, and go to state 42


state 33

   41 DROP_S: DROP TABLE NAME TM .

    $default  reduce using rule 41 (DROP_S)


state 34

   42 DROP_S: DROP INDEX NAME TM .

    $default  reduce using rule 42 (DROP_S)


state 35

   10 SELECT_S: SELECT STAR FROM NAME . WHERE TJ TM
   11         | SELECT STAR FROM NAME . TM

    TM     shift, and go to state 43
    WHERE  shift, and go to state 44


state 36

   27 INSERT_S: INSERT INTO NAME VALUES . CC VALUESS CC TM

    CC  shift, and go to state 45


state 37

   40 DELETE_S: DELETE FROM NAME TM .

    $default  reduce using rule 40 (DELETE_S)


state 38

   39 DELETE_S: DELETE FROM NAME WHERE . NAME FL TAR TM

    NAME  shift, and go to state 46


state 39

   21 ATTR: NAME . tCHAR CC INTEGER CC
   22     | NAME . tCHAR CC INTEGER CC UNI
   23     | NAME . tINT
   24     | NAME . tINT UNI
   25     | NAME . tFLOAT
   26     | NAME . tFLOAT UNI

    tCHAR   shift, and go to state 47
    tFLOAT  shift, and go to state 48
    tINT    shift, and go to state 49


state 40

   17 CREATE_S: CREATE TABLE NAME CC ATTRS . DD PRIM KEY CC NAME CC CC TM
   20 ATTRS: ATTRS . DD ATTR

    DD  shift, and go to state 50


state 41

   19 ATTRS: ATTR .

    $default  reduce using rule 19 (ATTRS)


state 42

   18 CREATE_S: CREATE INDEX NAME ON NAME . CC NAME CC TM

    CC  shift, and go to state 51


state 43

   11 SELECT_S: SELECT STAR FROM NAME TM .

    $default  reduce using rule 11 (SELECT_S)


state 44

   10 SELECT_S: SELECT STAR FROM NAME WHERE . TJ TM

    NAME  shift, and go to state 52

    TJ  go to state 53


state 45

   27 INSERT_S: INSERT INTO NAME VALUES CC . VALUESS CC TM

    STRING   shift, and go to state 54
    INTEGER  shift, and go to state 55
    FF       shift, and go to state 56

    VALUE    go to state 57
    VALUESS  go to state 58


state 46

   39 DELETE_S: DELETE FROM NAME WHERE NAME . FL TAR TM

    mLT  shift, and go to state 59
    mLE  shift, and go to state 60
    mEQ  shift, and go to state 61
    mGT  shift, and go to state 62
    mGE  shift, and go to state 63
    mNE  shift, and go to state 64

    FL  go to state 65


state 47

   21 ATTR: NAME tCHAR . CC INTEGER CC
   22     | NAME tCHAR . CC INTEGER CC UNI

    CC  shift, and go to state 66


state 48

   25 ATTR: NAME tFLOAT .
   26     | NAME tFLOAT . UNI

    UNI  shift, and go to state 67

    $default  reduce using rule 25 (ATTR)


state 49

   23 ATTR: NAME tINT .
   24     | NAME tINT . UNI

    UNI  shift, and go to state 68

    $default  reduce using rule 23 (ATTR)


state 50

   17 CREATE_S: CREATE TABLE NAME CC ATTRS DD . PRIM KEY CC NAME CC CC TM
   20 ATTRS: ATTRS DD . ATTR

    NAME  shift, and go to state 39
    PRIM  shift, and go to state 69

    ATTR  go to state 70


state 51

   18 CREATE_S: CREATE INDEX NAME ON NAME CC . NAME CC TM

    NAME  shift, and go to state 71


state 52

   12 TJ: NAME . FL TAR

    mLT  shift, and go to state 59
    mLE  shift, and go to state 60
    mEQ  shift, and go to state 61
    mGT  shift, and go to state 62
    mGE  shift, and go to state 63
    mNE  shift, and go to state 64

    FL  go to state 72


state 53

   10 SELECT_S: SELECT STAR FROM NAME WHERE TJ . TM
   13 TJ: TJ . AND NAME FL TAR

    TM   shift, and go to state 73
    AND  shift, and go to state 74


state 54

   28 VALUE: STRING .

    $default  reduce using rule 28 (VALUE)


state 55

   29 VALUE: INTEGER .

    $default  reduce using rule 29 (VALUE)


state 56

   30 VALUE: FF .

    $default  reduce using rule 30 (VALUE)


state 57

   31 VALUESS: VALUE .

    $default  reduce using rule 31 (VALUESS)


state 58

   27 INSERT_S: INSERT INTO NAME VALUES CC VALUESS . CC TM
   32 VALUESS: VALUESS . DD VALUE

    DD  shift, and go to state 75
    CC  shift, and go to state 76


state 59

   34 FL: mLT .

    $default  reduce using rule 34 (FL)


state 60

   33 FL: mLE .

    $default  reduce using rule 33 (FL)


state 61

   35 FL: mEQ .

    $default  reduce using rule 35 (FL)


state 62

   38 FL: mGT .

    $default  reduce using rule 38 (FL)


state 63

   37 FL: mGE .

    $default  reduce using rule 37 (FL)


state 64

   36 FL: mNE .

    $default  reduce using rule 36 (FL)


state 65

   39 DELETE_S: DELETE FROM NAME WHERE NAME FL . TAR TM

    STRING   shift, and go to state 77
    INTEGER  shift, and go to state 78
    FF       shift, and go to state 79

    TAR  go to state 80


state 66

   21 ATTR: NAME tCHAR CC . INTEGER CC
   22     | NAME tCHAR CC . INTEGER CC UNI

    INTEGER  shift, and go to state 81


state 67

   26 ATTR: NAME tFLOAT UNI .

    $default  reduce using rule 26 (ATTR)


state 68

   24 ATTR: NAME tINT UNI .

    $default  reduce using rule 24 (ATTR)


state 69

   17 CREATE_S: CREATE TABLE NAME CC ATTRS DD PRIM . KEY CC NAME CC CC TM

    KEY  shift, and go to state 82


state 70

   20 ATTRS: ATTRS DD ATTR .

    $default  reduce using rule 20 (ATTRS)


state 71

   18 CREATE_S: CREATE INDEX NAME ON NAME CC NAME . CC TM

    CC  shift, and go to state 83


state 72

   12 TJ: NAME FL . TAR

    STRING   shift, and go to state 77
    INTEGER  shift, and go to state 78
    FF       shift, and go to state 79

    TAR  go to state 84


state 73

   10 SELECT_S: SELECT STAR FROM NAME WHERE TJ TM .

    $default  reduce using rule 10 (SELECT_S)


state 74

   13 TJ: TJ AND . NAME FL TAR

    NAME  shift, and go to state 85


state 75

   32 VALUESS: VALUESS DD . VALUE

    STRING   shift, and go to state 54
    INTEGER  shift, and go to state 55
    FF       shift, and go to state 56

    VALUE  go to state 86


state 76

   27 INSERT_S: INSERT INTO NAME VALUES CC VALUESS CC . TM

    TM  shift, and go to state 87


state 77

   16 TAR: STRING .

    $default  reduce using rule 16 (TAR)


state 78

   14 TAR: INTEGER .

    $default  reduce using rule 14 (TAR)


state 79

   15 TAR: FF .

    $default  reduce using rule 15 (TAR)


state 80

   39 DELETE_S: DELETE FROM NAME WHERE NAME FL TAR . TM

    TM  shift, and go to state 88


state 81

   21 ATTR: NAME tCHAR CC INTEGER . CC
   22     | NAME tCHAR CC INTEGER . CC UNI

    CC  shift, and go to state 89


state 82

   17 CREATE_S: CREATE TABLE NAME CC ATTRS DD PRIM KEY . CC NAME CC CC TM

    CC  shift, and go to state 90


state 83

   18 CREATE_S: CREATE INDEX NAME ON NAME CC NAME CC . TM

    TM  shift, and go to state 91


state 84

   12 TJ: NAME FL TAR .

    $default  reduce using rule 12 (TJ)


state 85

   13 TJ: TJ AND NAME . FL TAR

    mLT  shift, and go to state 59
    mLE  shift, and go to state 60
    mEQ  shift, and go to state 61
    mGT  shift, and go to state 62
    mGE  shift, and go to state 63
    mNE  shift, and go to state 64

    FL  go to state 92


state 86

   32 VALUESS: VALUESS DD VALUE .

    $default  reduce using rule 32 (VALUESS)


state 87

   27 INSERT_S: INSERT INTO NAME VALUES CC VALUESS CC TM .

    $default  reduce using rule 27 (INSERT_S)


state 88

   39 DELETE_S: DELETE FROM NAME WHERE NAME FL TAR TM .

    $default  reduce using rule 39 (DELETE_S)


state 89

   21 ATTR: NAME tCHAR CC INTEGER CC .
   22     | NAME tCHAR CC INTEGER CC . UNI

    UNI  shift, and go to state 93

    $default  reduce using rule 21 (ATTR)


state 90

   17 CREATE_S: CREATE TABLE NAME CC ATTRS DD PRIM KEY CC . NAME CC CC TM

    NAME  shift, and go to state 94


state 91

   18 CREATE_S: CREATE INDEX NAME ON NAME CC NAME CC TM .

    $default  reduce using rule 18 (CREATE_S)


state 92

   13 TJ: TJ AND NAME FL . TAR

    STRING   shift, and go to state 77
    INTEGER  shift, and go to state 78
    FF       shift, and go to state 79

    TAR  go to state 95


state 93

   22 ATTR: NAME tCHAR CC INTEGER CC UNI .

    $default  reduce using rule 22 (ATTR)


state 94

   17 CREATE_S: CREATE TABLE NAME CC ATTRS DD PRIM KEY CC NAME . CC CC TM

    CC  shift, and go to state 96


state 95

   13 TJ: TJ AND NAME FL TAR .

    $default  reduce using rule 13 (TJ)


state 96

   17 CREATE_S: CREATE TABLE NAME CC ATTRS DD PRIM KEY CC NAME CC . CC TM

    CC  shift, and go to state 97


state 97

   17 CREATE_S: CREATE TABLE NAME CC ATTRS DD PRIM KEY CC NAME CC CC . TM

    TM  shift, and go to state 98


state 98

   17 CREATE_S: CREATE TABLE NAME CC ATTRS DD PRIM KEY CC NAME CC CC TM .

    $default  reduce using rule 17 (CREATE_S)
